<?xml version="1.0" encoding="utf-8"?><testsuites name="pytest tests"><testsuite name="pytest" errors="0" failures="0" skipped="0" tests="240" time="3.490" timestamp="2026-09-14T03:12:45.700320+09:00" hostname="MBP.local"><testcase classname="tests.test_collection" name="test_fetch_time_changes_do_not_duplicate_or_extend_evidence" time="0.095" /><testcase classname="tests.test_collection" name="test_validation_precedes_all_writes" time="0.053" /><testcase classname="tests.test_collection" name="test_conflicting_records_or_station_metadata_are_not_order_dependent" time="0.051" /><testcase classname="tests.test_collection" name="test_station_correction_updates_common_place" time="0.064" /><testcase classname="tests.test_collection" name="test_metadata_without_observations_is_no_data" time="0.096" /><testcase classname="tests.test_collection" name="test_due_schedule_failure_backoff_does_not_touch_observations" time="0.100" /><testcase classname="tests.test_collection" name="test_parallel_worker_lock_skips_job_and_disabled_never_fetches" time="0.077" /><testcase classname="tests.test_collection" name="test_demo_removal_preserves_real_collection_and_is_idempotent" time="0.067" /><testcase classname="tests.test_collection" name="test_v1_upgrade_preserves_existing_rows" time="0.071" /><testcase classname="tests.test_collection" name="test_provider_client_never_sends_keys_to_unapproved_endpoints[http://apis.data.go.kr/x]" time="0.000" /><testcase classname="tests.test_collection" name="test_provider_client_never_sends_keys_to_unapproved_endpoints[https://example.org/x]" time="0.000" /><testcase classname="tests.test_collection" name="test_provider_client_never_sends_keys_to_unapproved_endpoints[https://dapi.kakao.com:444/x]" time="0.000" /><testcase classname="tests.test_data" name="test_pagination_filter_search_and_null_values" time="0.090" /><testcase classname="tests.test_data" name="test_rejects_unbounded_or_unapproved_query[spots?sort=password]" time="0.010" /><testcase classname="tests.test_data" name="test_rejects_unbounded_or_unapproved_query[spots?sort=id;DROP%20TABLE%20spots_waterspot]" time="0.011" /><testcase classname="tests.test_data" name="test_rejects_unbounded_or_unapproved_query[spots?filter_column=password&amp;filter_value=x]" time="0.010" /><testcase classname="tests.test_data" name="test_rejects_unbounded_or_unapproved_query[spots?page_size=101]" time="0.009" /><testcase classname="tests.test_data" name="test_rejects_unbounded_or_unapproved_query[spots?page=0]" time="0.011" /><testcase classname="tests.test_data" name="test_rejects_unbounded_or_unapproved_query[spots?page=1001]" time="0.010" /><testcase classname="tests.test_data" name="test_rejects_unbounded_or_unapproved_query[spots?direction=unsafe]" time="0.010" /><testcase classname="tests.test_data" name="test_unapproved_table_and_mutation_are_unavailable" time="0.013" /><testcase classname="tests.test_data" name="test_summary_does_not_treat_stale_running_as_live_or_missing_as_observed" time="0.021" /><testcase classname="tests.test_data" name="test_source_queries_use_read_only_transactions" time="0.003" /><testcase classname="tests.test_data" name="test_connection_error_does_not_leak_credentials" time="0.010" /><testcase classname="tests.test_data" name="test_legacy_api_is_not_mounted" time="0.025" /><testcase classname="tests.test_demo" name="test_retired_routes_return_404_without_database_access[/api/demo]" time="0.011" /><testcase classname="tests.test_demo" name="test_retired_routes_return_404_without_database_access[/api/demo/catalog]" time="0.011" /><testcase classname="tests.test_demo" name="test_retired_routes_return_404_without_database_access[/api/demo/summary]" time="0.010" /><testcase classname="tests.test_demo" name="test_retired_routes_return_404_without_database_access[/api/demo/datasets/metrics]" time="0.012" /><testcase classname="tests.test_demo" name="test_retired_routes_return_404_without_database_access[/api/collector/summary]" time="0.013" /><testcase classname="tests.test_demo" name="test_startup_and_catalog_never_seed_or_collect" time="0.089" /><testcase classname="tests.test_health" name="test_health_and_database_readiness" time="0.091" /><testcase classname="tests.test_health" name="test_database_outage_returns_503_without_connection_details" time="0.009" /><testcase classname="tests.test_independence" name="test_legacy_environment_cannot_redirect_data_reads" time="0.085" /><testcase classname="tests.test_independence" name="test_compose_and_deployment_do_not_attach_legacy_networks" time="0.000" /><testcase classname="tests.test_ingestion" name="test_atomic_idempotent_import_preserves_expiry_and_missing" time="0.062" /><testcase classname="tests.test_ingestion" name="test_invalid_reference_rolls_back_every_row" time="0.055" /><testcase classname="tests.test_ingestion" name="test_provider_failure_does_not_create_success_or_touch_evidence" time="0.050" /><testcase classname="tests.test_ingestion" name="test_rejects_demo_nonfinite_unknown_fields_and_duplicates" time="0.001" /><testcase classname="tests.test_marine" name="test_provider_specific_current_units_and_no_source_relocation[tide_recent-m/s]" time="0.002" /><testcase classname="tests.test_marine" name="test_provider_specific_current_units_and_no_source_relocation[buoy_recent-cm/s]" time="0.000" /><testcase classname="tests.test_marine" name="test_survey_splits_actual_and_predicted_tide_and_preserves_negative_level" time="0.000" /><testcase classname="tests.test_marine" name="test_future_actual_is_not_accepted_as_an_observation" time="0.000" /><testcase classname="tests.test_marine" name="test_midnight_fallback_keeps_old_observation_time_and_expiry" time="0.000" /><testcase classname="tests.test_marine" name="test_activity_forecast_keeps_grade_skill_halfday_and_unknown_issue_time" time="0.000" /><testcase classname="tests.test_marine" name="test_activity_does_not_map_unknown_or_far_coordinates_to_collection_point" time="0.000" /><testcase classname="tests.test_marine" name="test_extrema_seven_days_are_forecast_events_with_original_codes" time="0.000" /><testcase classname="tests.test_marine" name="test_pagination_is_complete_and_bounded" time="0.000" /><testcase classname="tests.test_marine" name="test_conflicting_duplicate_record_does_not_return_success_batch" time="0.000" /><testcase classname="tests.test_marine" name="test_provider_failure_is_not_empty_success[payload0]" time="0.000" /><testcase classname="tests.test_marine" name="test_provider_failure_is_not_empty_success[payload1]" time="0.000" /><testcase classname="tests.test_marine" name="test_provider_failure_is_not_empty_success[payload2]" time="0.000" /><testcase classname="tests.test_marine" name="test_only_verified_services_have_jobs_and_missing_key_disables_them" time="0.000" /><testcase classname="tests.test_marine" name="test_missing_numeric_preserves_evidence_and_nonfinite_never_serializes" time="0.000" /><testcase classname="tests.test_places_http" name="test_tourism_preserves_source_identity_and_marks_bounded_catalog" time="0.001" /><testcase classname="tests.test_places_http" name="test_tourism_no_results_is_empty_not_synthetic" time="0.001" /><testcase classname="tests.test_places_http" name="test_kakao_deduplicates_shared_places_and_preserves_coordinates" time="0.001" /><testcase classname="tests.test_places_http" name="test_http_failure_does_not_expose_authenticated_url" time="0.000" /><testcase classname="tests.test_places_http" name="test_http_200_provider_errors_are_not_accepted[{&quot;response&quot;:{&quot;header&quot;:{&quot;resultCode&quot;:&quot;30&quot;}}}]" time="0.000" /><testcase classname="tests.test_places_http" name="test_http_200_provider_errors_are_not_accepted[{&quot;OpenAPI_ServiceResponse&quot;:{&quot;cmmMsgHeader&quot;:{&quot;returnReasonCode&quot;:&quot;30&quot;}}}]" time="0.000" /><testcase classname="tests.test_places_http" name="test_http_200_provider_errors_are_not_accepted[{&quot;errorType&quot;:&quot;NotAuthorizedError&quot;,&quot;message&quot;:&quot;private-test-key&quot;}]" time="0.000" /><testcase classname="tests.test_water" name="test_koem_joins_provider_station_and_preserves_layers_historical_date_and_units" time="0.001" /><testcase classname="tests.test_water" name="test_koem_empty_month_search_is_bounded_and_does_not_fabricate_readings" time="0.000" /><testcase classname="tests.test_water" name="test_koem_actual_named_envelope_and_hrfco_nested_info_records" time="0.000" /><testcase classname="tests.test_water" name="test_koem_previous_calendar_year_fallback_remains_stale_evidence" time="0.000" /><testcase classname="tests.test_water" name="test_nier_nested_envelope_dms_and_non_numeric_lab_result_are_preserved" time="0.000" /><testcase classname="tests.test_water" name="test_nier_missing_coordinate_not_replaced_by_collection_center" time="0.000" /><testcase classname="tests.test_water" name="test_hrfco_keeps_station_datum_exact_time_and_flow_unit" time="0.001" /><testcase classname="tests.test_water" name="test_dms_bounds_and_unknown_coordinates" time="0.000" /><testcase classname="tests.test_water" name="test_month_scan_crosses_year_without_hard_coded_historical_sample_dates" time="0.000" /><testcase classname="tests.test_water" name="test_nier_auth_or_missing_status_is_failure[payload0]" time="0.000" /><testcase classname="tests.test_water" name="test_nier_auth_or_missing_status_is_failure[payload1]" time="0.000" /><testcase classname="tests.test_water" name="test_xml_auth_failure_and_wrong_root_are_not_success" time="0.000" /><testcase classname="tests.test_water" name="test_only_verified_water_services_are_registered_and_disabled_without_keys" time="0.000" /><testcase classname="tests.test_water_index_api" name="test_empty_data_is_unknown_not_a_synthetic_score" time="0.010" /><testcase classname="tests.test_water_index_api" name="test_invalid_query_is_bounded_and_does_not_reach_storage[changes0]" time="0.018" /><testcase classname="tests.test_water_index_api" name="test_invalid_query_is_bounded_and_does_not_reach_storage[changes1]" time="0.010" /><testcase classname="tests.test_water_index_api" name="test_invalid_query_is_bounded_and_does_not_reach_storage[changes2]" time="0.010" /><testcase classname="tests.test_water_index_api" name="test_invalid_query_is_bounded_and_does_not_reach_storage[changes3]" time="0.009" /><testcase classname="tests.test_water_index_api" name="test_invalid_query_is_bounded_and_does_not_reach_storage[changes4]" time="0.010" /><testcase classname="tests.test_water_index_api" name="test_invalid_query_is_bounded_and_does_not_reach_storage[changes5]" time="0.009" /><testcase classname="tests.test_water_index_api" name="test_invalid_query_is_bounded_and_does_not_reach_storage[changes6]" time="0.009" /><testcase classname="tests.test_water_index_api" name="test_invalid_query_is_bounded_and_does_not_reach_storage[changes7]" time="0.009" /><testcase classname="tests.test_water_index_api" name="test_invalid_query_is_bounded_and_does_not_reach_storage[changes8]" time="0.009" /><testcase classname="tests.test_water_index_api" name="test_invalid_query_is_bounded_and_does_not_reach_storage[changes9]" time="0.010" /><testcase classname="tests.test_water_index_api" name="test_invalid_query_is_bounded_and_does_not_reach_storage[changes10]" time="0.009" /><testcase classname="tests.test_water_index_api" name="test_invalid_query_is_bounded_and_does_not_reach_storage[changes11]" time="0.009" /><testcase classname="tests.test_water_index_api" name="test_invalid_query_is_bounded_and_does_not_reach_storage[changes12]" time="0.010" /><testcase classname="tests.test_water_index_api" name="test_invalid_query_is_bounded_and_does_not_reach_storage[changes13]" time="0.011" /><testcase classname="tests.test_water_index_api" name="test_invalid_query_is_bounded_and_does_not_reach_storage[changes14]" time="0.010" /><testcase classname="tests.test_water_index_api" name="test_invalid_query_is_bounded_and_does_not_reach_storage[changes15]" time="0.010" /><testcase classname="tests.test_water_index_api" name="test_invalid_query_is_bounded_and_does_not_reach_storage[changes16]" time="0.010" /><testcase classname="tests.test_water_index_api" name="test_invalid_query_is_bounded_and_does_not_reach_storage[changes17]" time="0.010" /><testcase classname="tests.test_water_index_api" name="test_invalid_query_is_bounded_and_does_not_reach_storage[changes18]" time="0.010" /><testcase classname="tests.test_water_index_api" name="test_invalid_query_is_bounded_and_does_not_reach_storage[changes19]" time="0.010" /><testcase classname="tests.test_water_index_api" name="test_invalid_query_is_bounded_and_does_not_reach_storage[changes20]" time="0.010" /><testcase classname="tests.test_water_index_api" name="test_query_alias_and_duplicate_cannot_bypass_allowlist" time="0.010" /><testcase classname="tests.test_water_index_api" name="test_assessment_requires_explicit_context_and_mode[profile_id]" time="0.010" /><testcase classname="tests.test_water_index_api" name="test_assessment_requires_explicit_context_and_mode[mode]" time="0.009" /><testcase classname="tests.test_water_index_api" name="test_auxiliary_routes_have_explicit_nonpersonal_default[support]" time="0.011" /><testcase classname="tests.test_water_index_api" name="test_auxiliary_routes_have_explicit_nonpersonal_default[coverage]" time="0.010" /><testcase classname="tests.test_water_index_api" name="test_exact_window_boundary_and_historical_cutoff" time="0.010" /><testcase classname="tests.test_water_index_api" name="test_known_read_failure_keeps_status_and_machine_code[404-spot_not_found]" time="0.010" /><testcase classname="tests.test_water_index_api" name="test_known_read_failure_keeps_status_and_machine_code[422-history_not_reproducible]" time="0.010" /><testcase classname="tests.test_water_index_api" name="test_known_read_failure_keeps_status_and_machine_code[422-response_scope_too_large]" time="0.010" /><testcase classname="tests.test_water_index_api" name="test_database_outage_is_not_empty_success_or_secret_error" time="0.010" /><testcase classname="tests.test_water_index_api" name="test_null_target_identity_is_preserved_without_evaluation_on_get" time="0.011" /><testcase classname="tests.test_water_index_api" name="test_unknown_or_promoted_model_cannot_enter_public_api[model_version-0.2.0]" time="0.010" /><testcase classname="tests.test_water_index_api" name="test_unknown_or_promoted_model_cannot_enter_public_api[ruleset_version-new-rules]" time="0.011" /><testcase classname="tests.test_water_index_api" name="test_unknown_or_promoted_model_cannot_enter_public_api[parameter_set_version-new-parameters]" time="0.010" /><testcase classname="tests.test_water_index_api" name="test_unknown_or_promoted_model_cannot_enter_public_api[evidence_version-unverified]" time="0.011" /><testcase classname="tests.test_water_index_api" name="test_unknown_or_promoted_model_cannot_enter_public_api[status-validated]" time="0.010" /><testcase classname="tests.test_water_index_api" name="test_unknown_or_promoted_model_cannot_enter_public_api[validation_status-external_validation_passed]" time="0.010" /><testcase classname="tests.test_water_index_api" name="test_oversized_nested_lineage_is_rejected_not_truncated" time="0.010" /><testcase classname="tests.test_water_index_api" name="test_projection_cannot_return_another_requested_context[spot_id-2]" time="0.009" /><testcase classname="tests.test_water_index_api" name="test_projection_cannot_return_another_requested_context[activity-surf]" time="0.010" /><testcase classname="tests.test_water_index_api" name="test_internal_support_fields_are_not_exposed" time="0.010" /><testcase classname="tests.test_water_index_api" name="test_forged_gate_pass_cannot_promote_the_default_model" time="0.010" /><testcase classname="tests.test_water_index_api" name="test_write_methods_not_accepted_and_openapi_documents_routes" time="0.081" /><testcase classname="tests.test_water_index_engine" name="test_default_has_no_score_or_inferred_population" time="0.000" /><testcase classname="tests.test_water_index_engine" name="test_diagnostic_has_only_caller_supplied_target_identity" time="0.002" /><testcase classname="tests.test_water_index_engine" name="test_reference_only_forecast_keeps_mode_none_and_unknown_issue" time="0.000" /><testcase classname="tests.test_water_index_engine" name="test_support_does_not_approve_unresolved_safety" time="0.000" /><testcase classname="tests.test_water_index_engine" name="test_explicit_restriction_overrides_missing_and_good_environment" time="0.000" /><testcase classname="tests.test_water_index_engine" name="test_caution_is_preserved_while_overall_safety_is_unknown" time="0.000" /><testcase classname="tests.test_water_index_engine" name="test_clear_statement_does_not_complete_an_unapproved_checklist" time="0.000" /><testcase classname="tests.test_water_index_engine" name="test_support_unknown_retains_independent_official_warning" time="0.000" /><testcase classname="tests.test_water_index_engine" name="test_unsupported_and_temporary_restriction_are_distinct" time="0.000" /><testcase classname="tests.test_water_index_engine" name="test_inapplicable_authority_is_not_an_active_restriction[changes0]" time="0.000" /><testcase classname="tests.test_water_index_engine" name="test_inapplicable_authority_is_not_an_active_restriction[changes1]" time="0.000" /><testcase classname="tests.test_water_index_engine" name="test_inapplicable_authority_is_not_an_active_restriction[changes2]" time="0.000" /><testcase classname="tests.test_water_index_engine" name="test_inapplicable_authority_is_not_an_active_restriction[changes3]" time="0.000" /><testcase classname="tests.test_water_index_engine" name="test_inapplicable_authority_is_not_an_active_restriction[changes4]" time="0.000" /><testcase classname="tests.test_water_index_engine" name="test_inapplicable_authority_is_not_an_active_restriction[changes5]" time="0.000" /><testcase classname="tests.test_water_index_engine" name="test_inapplicable_authority_is_not_an_active_restriction[changes6]" time="0.000" /><testcase classname="tests.test_water_index_engine" name="test_inapplicable_authority_is_not_an_active_restriction[changes7]" time="0.000" /><testcase classname="tests.test_water_index_engine" name="test_inapplicable_authority_is_not_an_active_restriction[changes8]" time="0.000" /><testcase classname="tests.test_water_index_engine" name="test_inapplicable_authority_is_not_an_active_restriction[changes9]" time="0.000" /><testcase classname="tests.test_water_index_engine" name="test_inapplicable_authority_is_not_an_active_restriction[changes10]" time="0.000" /><testcase classname="tests.test_water_index_engine" name="test_known_restriction_survives_conflicting_clear_with_same_reference" time="0.000" /><testcase classname="tests.test_water_index_engine" name="test_conflicting_support_is_unknown_independent_of_order" time="0.000" /><testcase classname="tests.test_water_index_engine" name="test_duplicate_input_semantic_identity_preserves_conflict" time="0.000" /><testcase classname="tests.test_water_index_engine" name="test_age_boundary_is_inclusive_but_expiry_is_exclusive" time="0.000" /><testcase classname="tests.test_water_index_engine" name="test_forecast_age_uses_issue_time_not_future_target_or_fetch" time="0.000" /><testcase classname="tests.test_water_index_engine" name="test_unknown_issue_is_not_replaced_by_fetch_time" time="0.000" /><testcase classname="tests.test_water_index_engine" name="test_input_definition_contract[changes0-input_unit_unknown]" time="0.000" /><testcase classname="tests.test_water_index_engine" name="test_input_definition_contract[changes1-input_unit_mismatch]" time="0.000" /><testcase classname="tests.test_water_index_engine" name="test_input_definition_contract[changes2-input_aggregation_unknown]" time="0.000" /><testcase classname="tests.test_water_index_engine" name="test_input_definition_contract[changes3-station_mapping_unverified]" time="0.000" /><testcase classname="tests.test_water_index_engine" name="test_input_definition_contract[changes4-station_mapping_unverified]" time="0.000" /><testcase classname="tests.test_water_index_engine" name="test_input_definition_contract[changes5-input_missing]" time="0.000" /><testcase classname="tests.test_water_index_engine" name="test_input_definition_contract[changes6-input_superseded]" time="0.000" /><testcase classname="tests.test_water_index_engine" name="test_zero_is_a_measurement_but_is_not_a_default_score" time="0.000" /><testcase classname="tests.test_water_index_engine" name="test_unresolved_input_policies_cannot_be_filled_from_legacy" time="0.000" /><testcase classname="tests.test_water_index_engine" name="test_future_daily_aggregate_is_not_historical_observation" time="0.000" /><testcase classname="tests.test_water_index_engine" name="test_aggregation_recipe_and_coverage_are_separate_from_validity" time="0.000" /><testcase classname="tests.test_water_index_engine" name="test_explicit_empty_forecast_coverage_is_not_unknown_coverage" time="0.000" /><testcase classname="tests.test_water_index_engine" name="test_restriction_precedes_outside_forecast_but_both_reasons_remain" time="0.000" /><testcase classname="tests.test_water_index_engine" name="test_partial_interval_restriction_keeps_its_actual_scope" time="0.000" /><testcase classname="tests.test_water_index_engine" name="test_adjacent_restriction_does_not_overlap_half_open_target" time="0.000" /><testcase classname="tests.test_water_index_engine" name="test_partial_restriction_reference_needs_only_the_claimed_overlap" time="0.001" /><testcase classname="tests.test_water_index_engine" name="test_partial_restriction_reference_must_cover_the_same_overlap" time="0.000" /><testcase classname="tests.test_water_index_engine" name="test_half_day_coverage_is_not_a_new_hourly_target" time="0.000" /><testcase classname="tests.test_water_index_engine" name="test_used_input_mode_and_provenance_are_retained" time="0.000" /><testcase classname="tests.test_water_index_engine" name="test_evaluate_is_deterministic_and_performs_no_io" time="0.001" /><testcase classname="tests.test_water_index_engine" name="test_input_numeric_types_are_strict_and_finite[True]" time="0.000" /><testcase classname="tests.test_water_index_engine" name="test_input_numeric_types_are_strict_and_finite[12]" time="0.000" /><testcase classname="tests.test_water_index_engine" name="test_input_numeric_types_are_strict_and_finite[nan]" time="0.000" /><testcase classname="tests.test_water_index_engine" name="test_input_numeric_types_are_strict_and_finite[inf]" time="0.000" /><testcase classname="tests.test_water_index_engine" name="test_naive_times_extra_fields_and_wrong_time_roles_are_rejected" time="0.000" /><testcase classname="tests.test_water_index_engine" name="test_persisted_dto_cannot_override_safety_routing_or_numeric_score" time="0.001" /><testcase classname="tests.test_water_index_engine" name="test_manual_complete_safety_cannot_bypass_unapproved_registry" time="0.001" /><testcase classname="tests.test_water_index_engine" name="test_empty_required_list_is_not_sufficient_quality" time="0.000" /><testcase classname="tests.test_water_index_engine" name="test_bundled_provenance_is_complete_and_source_hashes_match" time="0.001" /><testcase classname="tests.test_water_index_engine" name="test_mutating_returned_registry_copies_does_not_change_registry" time="0.000" /><testcase classname="tests.test_water_index_engine" name="test_exact_unit_helper_preserves_source_and_ratio[3.0-m/s-km/h-wind_speed-10.8-ratio0]" time="0.000" /><testcase classname="tests.test_water_index_engine" name="test_exact_unit_helper_preserves_source_and_ratio[36.0-km/h-m/s-wind_speed-10.0-ratio1]" time="0.000" /><testcase classname="tests.test_water_index_engine" name="test_exact_unit_helper_preserves_source_and_ratio[30.0-cm/s-m/s-current_speed-0.3-ratio2]" time="0.000" /><testcase classname="tests.test_water_index_engine" name="test_exact_unit_helper_preserves_source_and_ratio[26.0-degC-\xb0C-water_temperature-26.0-ratio3]" time="0.000" /><testcase classname="tests.test_water_index_engine" name="test_unit_helper_rejects_nonfinite_and_cross_dimension_inference[True-m/s-wind_speed]" time="0.000" /><testcase classname="tests.test_water_index_engine" name="test_unit_helper_rejects_nonfinite_and_cross_dimension_inference[nan-m/s-wind_speed]" time="0.000" /><testcase classname="tests.test_water_index_engine" name="test_unit_helper_rejects_nonfinite_and_cross_dimension_inference[1.0-mm-wind_speed]" time="0.000" /><testcase classname="tests.test_water_index_engine" name="test_unit_helper_rejects_nonfinite_and_cross_dimension_inference[1.0-m-river_flow]" time="0.000" /><testcase classname="tests.test_water_index_engine" name="test_unit_helper_rejects_nonfinite_and_cross_dimension_inference[30.0-degC-Humidex]" time="0.000" /><testcase classname="tests.test_water_index_integration" name="test_evaluation_storage_api_contract_and_immutable_read" time="0.102" /><testcase classname="tests.test_water_index_service" name="test_collection_ids_units_zero_and_unknowns_are_preserved" time="0.000" /><testcase classname="tests.test_water_index_service" name="test_forecast_target_is_not_relabelled_as_observation" time="0.000" /><testcase classname="tests.test_water_index_service" name="test_incompatible_or_conflicting_raw_records_fail[snapshot_id-999]" time="0.000" /><testcase classname="tests.test_water_index_service" name="test_incompatible_or_conflicting_raw_records_fail[mode-None]" time="0.000" /><testcase classname="tests.test_water_index_service" name="test_incompatible_or_conflicting_raw_records_fail[numeric_value-nan]" time="0.000" /><testcase classname="tests.test_water_index_service" name="test_incompatible_or_conflicting_raw_records_fail[numeric_value-24\xb0C]" time="0.000" /><testcase classname="tests.test_water_index_service" name="test_incompatible_or_conflicting_raw_records_fail[numeric_value-True]" time="0.000" /><testcase classname="tests.test_water_index_service" name="test_incompatible_or_conflicting_raw_records_fail[observed_at-value5]" time="0.000" /><testcase classname="tests.test_water_index_service" name="test_missing_and_textual_rain_are_not_numeric_zero" time="0.000" /><testcase classname="tests.test_water_index_service" name="test_stable_ids_include_context_target_time_and_provenance" time="0.001" /><testcase classname="tests.test_water_index_service" name="test_preparation_revalidates_mutated_objects" time="0.000" /><testcase classname="tests.test_water_index_service" name="test_internal_orchestration_captures_request_without_publication" time="0.001" /><testcase classname="tests.test_water_index_storage" name="test_additive_upgrade_preserves_source_rows[1]" time="0.070" /><testcase classname="tests.test_water_index_storage" name="test_additive_upgrade_preserves_source_rows[2]" time="0.066" /><testcase classname="tests.test_water_index_storage" name="test_additive_upgrade_preserves_source_rows[3]" time="0.067" /><testcase classname="tests.test_water_index_storage" name="test_idempotence_conflict_and_no_creation_time_refresh" time="0.065" /><testcase classname="tests.test_water_index_storage" name="test_database_rejects_history_mutation" time="0.055" /><testcase classname="tests.test_water_index_storage" name="test_read_cutoff_uses_storage_availability_not_old_evaluation_time" time="0.059" /><testcase classname="tests.test_water_index_storage" name="test_missing_target_stays_identifiable_without_evaluation_or_get_write" time="0.057" /><testcase classname="tests.test_water_index_storage" name="test_newer_narrower_view_never_resurrects_an_older_wide_view" time="0.060" /><testcase classname="tests.test_water_index_storage" name="test_no_target_inference_and_unknown_place" time="0.065" /><testcase classname="tests.test_water_index_storage" name="test_support_fields_and_duration_are_validated_before_publication" time="0.055" /><testcase classname="tests.test_water_index_storage" name="test_missing_target_overflow_is_an_error_not_silent_truncation" time="0.143" /><testcase classname="tests.test_water_index_storage" name="test_interval_overlap_preserves_original_window_and_excludes_right_boundary" time="0.065" /><testcase classname="tests.test_water_index_storage" name="test_complete_request_snapshot_and_provenance_are_required" time="0.059" /><testcase classname="tests.test_weather" name="test_grid_matches_kma_seoul_reference" time="0.000" /><testcase classname="tests.test_weather" name="test_issue_time_crosses_kst_date_with_publication_delay" time="0.000" /><testcase classname="tests.test_weather" name="test_missing_keys_keep_disabled_jobs_and_do_not_fetch" time="0.000" /><testcase classname="tests.test_weather" name="test_forecast_preserves_issue_target_range_and_missing" time="0.000" /><testcase classname="tests.test_weather" name="test_nowcast_validity_uses_observation_not_fetch" time="0.000" /><testcase classname="tests.test_weather" name="test_duplicate_source_metric_rejected" time="0.000" /><testcase classname="tests.test_weather" name="test_provider_failure_propagates_without_batch" time="0.000" /><testcase classname="tests.test_weather" name="test_pagination_finishes_and_rejects_silent_truncation" time="0.000" /><testcase classname="tests.test_weather" name="test_empty_success_is_empty_evidence" time="0.000" /><testcase classname="tests.test_weather" name="test_mid_outlook_text_is_preserved_without_invented_daily_forecasts" time="0.000" /><testcase classname="tests.test_weather" name="test_historical_warning_is_bulletin_not_active" time="0.000" /><testcase classname="tests.test_weather" name="test_aws_current_query_preserves_missing_and_station_scope" time="0.000" /><testcase classname="tests.test_weather" name="test_partial_hub_response_cannot_create_success_batch[#START7777\n]" time="0.000" /><testcase classname="tests.test_weather" name="test_partial_hub_response_cannot_create_success_batch[#START7777\n# YYMMDDHHMI STN WD1 WS1 TA RE HM\n# KST ID deg m/s C 1 %\n202409132357 516 109.0 0.6 -99.9 82.1\n#7777END\n]" time="0.000" /><testcase classname="tests.test_weather" name="test_hub_rejects_unrequested_station" time="0.000" /><testcase classname="tests.test_weather" name="test_station_configuration_bounds_network_requests" time="0.000" /><testcase classname="tests.test_weather" name="test_buoy_preserves_original_measurement_time_and_wave_units" time="0.000" /><testcase classname="tests.test_weather" name="test_missing_source_values_remain_explicit_even_with_raw_text[None]" time="0.000" /><testcase classname="tests.test_weather" name="test_missing_source_values_remain_explicit_even_with_raw_text[]" time="0.000" /><testcase classname="tests.test_weather" name="test_missing_source_values_remain_explicit_even_with_raw_text[ ]" time="0.000" /><testcase classname="tests.test_weather" name="test_missing_source_values_remain_explicit_even_with_raw_text[-999]" time="0.000" /><testcase classname="tests.test_weather" name="test_missing_source_values_remain_explicit_even_with_raw_text[-998]" time="0.000" /><testcase classname="tests.test_weather" name="test_missing_source_values_remain_explicit_even_with_raw_text[-9999]" time="0.000" /><testcase classname="tests.test_weather" name="test_missing_source_values_remain_explicit_even_with_raw_text[NaN]" time="0.000" /><testcase classname="tests.test_weather" name="test_valid_precipitation_text_is_not_marked_missing[\uac15\uc218\uc5c6\uc74c]" time="0.000" /><testcase classname="tests.test_weather" name="test_valid_precipitation_text_is_not_marked_missing[1.0mm \ubbf8\ub9cc]" time="0.000" /><testcase classname="tests.test_weather" name="test_valid_precipitation_text_is_not_marked_missing[30.0~50.0mm]" time="0.000" /><testcase classname="tests.test_weather" name="test_valid_precipitation_text_is_not_marked_missing[0]" time="0.000" /><testcase classname="tests.test_weather" name="test_buoy_repeated_display_headers_preserve_each_wind_and_wave" time="0.000" /><testcase classname="tests.test_weather" name="test_unknown_duplicate_header_cannot_silently_overwrite_values" time="0.000" /></testsuite></testsuites>